<?xml version="1.0" encoding="UTF-8" ?>
<testsuite tests="5" failures="0" name="com.findwise.SingleTermSearchEngineTest" time="0.016" errors="0" skipped="0">
  <properties>
[...]
</properties>
  <testcase classname="com.findwise.SingleTermSearchEngineTest" name="emptySearchEngineReturnsEmptySearchResult" time="0"/>
  <testcase classname="com.findwise.SingleTermSearchEngineTest" name="cannotAddDocumentWithSameId" time="0.01"/>
  <testcase classname="com.findwise.SingleTermSearchEngineTest" name="searchResultSortedByTfIdfScore" time="0.004"/>
  <testcase classname="com.findwise.SingleTermSearchEngineTest" name="searchResultEmptyWhenTfIdfScoreZeroForAllDocuments" time="0.001"/>
  <testcase classname="com.findwise.SingleTermSearchEngineTest" name="searchResultDoesNotIncludeDocumentsWithZeroTfIdfScore" time="0.001"/>
</testsuite>